2025-03-14 17:56:05,390 - INFO - Distributed environment: NO
Num processes: 1
Process index: 0
Local process index: 0
Device: cuda

Mixed precision type: no

2025-03-14 17:56:23,953 - INFO - Enabling LoRA for all modules
2025-03-14 17:56:24,223 - INFO - Sample 7220 of the training set: {'input_ids': [2, 243, 16, 5240, 3859, 14, 2708, 40, 4], 'attention_mask': [1, 1, 1, 1, 1, 1, 1, 1, 1], 'labels': 0}.
2025-03-14 17:56:24,223 - INFO - Sample 1914 of the training set: {'input_ids': [2, 387, 2013, 8211, 23598, 19, 255, 5270, 4], 'attention_mask': [1, 1, 1, 1, 1, 1, 1, 1, 1], 'labels': 1}.
2025-03-14 17:56:24,223 - INFO - Sample 122 of the training set: {'input_ids': [2, 133, 4851, 24, 10863, 6, 141, 203, 3845, 10, 3041, 109, 47, 192, 11, 5, 4908, 116], 'attention_mask': [1, 1, 1, 1, 1, 1, 1, 1, 1, 1, 1, 1, 1, 1, 1, 1, 1, 1], 'labels': 1}.
2025-03-14 17:56:24,226 - INFO - enable GaLore for weights in module: 
2025-03-14 17:56:24,226 - INFO - model.decoder.layers.0.self_attn.k_proj
2025-03-14 17:56:24,226 - INFO - enable GaLore for weights in module: 
2025-03-14 17:56:24,226 - INFO - model.decoder.layers.0.self_attn.v_proj
2025-03-14 17:56:24,226 - INFO - enable GaLore for weights in module: 
2025-03-14 17:56:24,226 - INFO - model.decoder.layers.0.self_attn.q_proj
2025-03-14 17:56:24,226 - INFO - enable GaLore for weights in module: 
2025-03-14 17:56:24,226 - INFO - model.decoder.layers.1.self_attn.k_proj
2025-03-14 17:56:24,226 - INFO - enable GaLore for weights in module: 
2025-03-14 17:56:24,226 - INFO - model.decoder.layers.1.self_attn.v_proj
2025-03-14 17:56:24,226 - INFO - enable GaLore for weights in module: 
2025-03-14 17:56:24,226 - INFO - model.decoder.layers.1.self_attn.q_proj
2025-03-14 17:56:24,226 - INFO - enable GaLore for weights in module: 
2025-03-14 17:56:24,226 - INFO - model.decoder.layers.2.self_attn.k_proj
2025-03-14 17:56:24,226 - INFO - enable GaLore for weights in module: 
2025-03-14 17:56:24,226 - INFO - model.decoder.layers.2.self_attn.v_proj
2025-03-14 17:56:24,226 - INFO - enable GaLore for weights in module: 
2025-03-14 17:56:24,226 - INFO - model.decoder.layers.2.self_attn.q_proj
2025-03-14 17:56:24,226 - INFO - enable GaLore for weights in module: 
2025-03-14 17:56:24,227 - INFO - model.decoder.layers.3.self_attn.k_proj
2025-03-14 17:56:24,227 - INFO - enable GaLore for weights in module: 
2025-03-14 17:56:24,227 - INFO - model.decoder.layers.3.self_attn.v_proj
2025-03-14 17:56:24,227 - INFO - enable GaLore for weights in module: 
2025-03-14 17:56:24,227 - INFO - model.decoder.layers.3.self_attn.q_proj
2025-03-14 17:56:24,227 - INFO - enable GaLore for weights in module: 
2025-03-14 17:56:24,227 - INFO - model.decoder.layers.4.self_attn.k_proj
2025-03-14 17:56:24,227 - INFO - enable GaLore for weights in module: 
2025-03-14 17:56:24,227 - INFO - model.decoder.layers.4.self_attn.v_proj
2025-03-14 17:56:24,227 - INFO - enable GaLore for weights in module: 
2025-03-14 17:56:24,227 - INFO - model.decoder.layers.4.self_attn.q_proj
2025-03-14 17:56:24,227 - INFO - enable GaLore for weights in module: 
2025-03-14 17:56:24,227 - INFO - model.decoder.layers.5.self_attn.k_proj
2025-03-14 17:56:24,227 - INFO - enable GaLore for weights in module: 
2025-03-14 17:56:24,227 - INFO - model.decoder.layers.5.self_attn.v_proj
2025-03-14 17:56:24,227 - INFO - enable GaLore for weights in module: 
2025-03-14 17:56:24,227 - INFO - model.decoder.layers.5.self_attn.q_proj
2025-03-14 17:56:24,227 - INFO - enable GaLore for weights in module: 
2025-03-14 17:56:24,227 - INFO - model.decoder.layers.6.self_attn.k_proj
2025-03-14 17:56:24,227 - INFO - enable GaLore for weights in module: 
2025-03-14 17:56:24,227 - INFO - model.decoder.layers.6.self_attn.v_proj
2025-03-14 17:56:24,227 - INFO - enable GaLore for weights in module: 
2025-03-14 17:56:24,227 - INFO - model.decoder.layers.6.self_attn.q_proj
2025-03-14 17:56:24,227 - INFO - enable GaLore for weights in module: 
2025-03-14 17:56:24,227 - INFO - model.decoder.layers.7.self_attn.k_proj
2025-03-14 17:56:24,227 - INFO - enable GaLore for weights in module: 
2025-03-14 17:56:24,227 - INFO - model.decoder.layers.7.self_attn.v_proj
2025-03-14 17:56:24,227 - INFO - enable GaLore for weights in module: 
2025-03-14 17:56:24,227 - INFO - model.decoder.layers.7.self_attn.q_proj
2025-03-14 17:56:24,227 - INFO - enable GaLore for weights in module: 
2025-03-14 17:56:24,227 - INFO - model.decoder.layers.8.self_attn.k_proj
2025-03-14 17:56:24,227 - INFO - enable GaLore for weights in module: 
2025-03-14 17:56:24,227 - INFO - model.decoder.layers.8.self_attn.v_proj
2025-03-14 17:56:24,227 - INFO - enable GaLore for weights in module: 
2025-03-14 17:56:24,227 - INFO - model.decoder.layers.8.self_attn.q_proj
2025-03-14 17:56:24,227 - INFO - enable GaLore for weights in module: 
2025-03-14 17:56:24,227 - INFO - model.decoder.layers.9.self_attn.k_proj
2025-03-14 17:56:24,227 - INFO - enable GaLore for weights in module: 
2025-03-14 17:56:24,228 - INFO - model.decoder.layers.9.self_attn.v_proj
2025-03-14 17:56:24,228 - INFO - enable GaLore for weights in module: 
2025-03-14 17:56:24,228 - INFO - model.decoder.layers.9.self_attn.q_proj
2025-03-14 17:56:24,228 - INFO - enable GaLore for weights in module: 
2025-03-14 17:56:24,228 - INFO - model.decoder.layers.10.self_attn.k_proj
2025-03-14 17:56:24,228 - INFO - enable GaLore for weights in module: 
2025-03-14 17:56:24,228 - INFO - model.decoder.layers.10.self_attn.v_proj
2025-03-14 17:56:24,228 - INFO - enable GaLore for weights in module: 
2025-03-14 17:56:24,228 - INFO - model.decoder.layers.10.self_attn.q_proj
2025-03-14 17:56:24,228 - INFO - enable GaLore for weights in module: 
2025-03-14 17:56:24,228 - INFO - model.decoder.layers.11.self_attn.k_proj
2025-03-14 17:56:24,228 - INFO - enable GaLore for weights in module: 
2025-03-14 17:56:24,228 - INFO - model.decoder.layers.11.self_attn.v_proj
2025-03-14 17:56:24,228 - INFO - enable GaLore for weights in module: 
2025-03-14 17:56:24,228 - INFO - model.decoder.layers.11.self_attn.q_proj
2025-03-14 17:56:24,228 - INFO - enable GaLore for weights in module: 
2025-03-14 17:56:24,228 - INFO - model.decoder.layers.12.self_attn.k_proj
2025-03-14 17:56:24,228 - INFO - enable GaLore for weights in module: 
2025-03-14 17:56:24,228 - INFO - model.decoder.layers.12.self_attn.v_proj
2025-03-14 17:56:24,228 - INFO - enable GaLore for weights in module: 
2025-03-14 17:56:24,228 - INFO - model.decoder.layers.12.self_attn.q_proj
2025-03-14 17:56:24,228 - INFO - enable GaLore for weights in module: 
2025-03-14 17:56:24,228 - INFO - model.decoder.layers.13.self_attn.k_proj
2025-03-14 17:56:24,228 - INFO - enable GaLore for weights in module: 
2025-03-14 17:56:24,228 - INFO - model.decoder.layers.13.self_attn.v_proj
2025-03-14 17:56:24,228 - INFO - enable GaLore for weights in module: 
2025-03-14 17:56:24,228 - INFO - model.decoder.layers.13.self_attn.q_proj
2025-03-14 17:56:24,228 - INFO - enable GaLore for weights in module: 
2025-03-14 17:56:24,228 - INFO - model.decoder.layers.14.self_attn.k_proj
2025-03-14 17:56:24,228 - INFO - enable GaLore for weights in module: 
2025-03-14 17:56:24,228 - INFO - model.decoder.layers.14.self_attn.v_proj
2025-03-14 17:56:24,228 - INFO - enable GaLore for weights in module: 
2025-03-14 17:56:24,228 - INFO - model.decoder.layers.14.self_attn.q_proj
2025-03-14 17:56:24,228 - INFO - enable GaLore for weights in module: 
2025-03-14 17:56:24,228 - INFO - model.decoder.layers.15.self_attn.k_proj
2025-03-14 17:56:24,228 - INFO - enable GaLore for weights in module: 
2025-03-14 17:56:24,228 - INFO - model.decoder.layers.15.self_attn.v_proj
2025-03-14 17:56:24,228 - INFO - enable GaLore for weights in module: 
2025-03-14 17:56:24,228 - INFO - model.decoder.layers.15.self_attn.q_proj
2025-03-14 17:56:24,229 - INFO - enable GaLore for weights in module: 
2025-03-14 17:56:24,229 - INFO - model.decoder.layers.16.self_attn.k_proj
2025-03-14 17:56:24,229 - INFO - enable GaLore for weights in module: 
2025-03-14 17:56:24,229 - INFO - model.decoder.layers.16.self_attn.v_proj
2025-03-14 17:56:24,229 - INFO - enable GaLore for weights in module: 
2025-03-14 17:56:24,229 - INFO - model.decoder.layers.16.self_attn.q_proj
2025-03-14 17:56:24,229 - INFO - enable GaLore for weights in module: 
2025-03-14 17:56:24,229 - INFO - model.decoder.layers.17.self_attn.k_proj
2025-03-14 17:56:24,229 - INFO - enable GaLore for weights in module: 
2025-03-14 17:56:24,229 - INFO - model.decoder.layers.17.self_attn.v_proj
2025-03-14 17:56:24,229 - INFO - enable GaLore for weights in module: 
2025-03-14 17:56:24,229 - INFO - model.decoder.layers.17.self_attn.q_proj
2025-03-14 17:56:24,229 - INFO - enable GaLore for weights in module: 
2025-03-14 17:56:24,229 - INFO - model.decoder.layers.18.self_attn.k_proj
2025-03-14 17:56:24,229 - INFO - enable GaLore for weights in module: 
2025-03-14 17:56:24,229 - INFO - model.decoder.layers.18.self_attn.v_proj
2025-03-14 17:56:24,229 - INFO - enable GaLore for weights in module: 
2025-03-14 17:56:24,229 - INFO - model.decoder.layers.18.self_attn.q_proj
2025-03-14 17:56:24,229 - INFO - enable GaLore for weights in module: 
2025-03-14 17:56:24,229 - INFO - model.decoder.layers.19.self_attn.k_proj
2025-03-14 17:56:24,229 - INFO - enable GaLore for weights in module: 
2025-03-14 17:56:24,229 - INFO - model.decoder.layers.19.self_attn.v_proj
2025-03-14 17:56:24,229 - INFO - enable GaLore for weights in module: 
2025-03-14 17:56:24,229 - INFO - model.decoder.layers.19.self_attn.q_proj
2025-03-14 17:56:24,229 - INFO - enable GaLore for weights in module: 
2025-03-14 17:56:24,229 - INFO - model.decoder.layers.20.self_attn.k_proj
2025-03-14 17:56:24,229 - INFO - enable GaLore for weights in module: 
2025-03-14 17:56:24,229 - INFO - model.decoder.layers.20.self_attn.v_proj
2025-03-14 17:56:24,229 - INFO - enable GaLore for weights in module: 
2025-03-14 17:56:24,229 - INFO - model.decoder.layers.20.self_attn.q_proj
2025-03-14 17:56:24,229 - INFO - enable GaLore for weights in module: 
2025-03-14 17:56:24,229 - INFO - model.decoder.layers.21.self_attn.k_proj
2025-03-14 17:56:24,229 - INFO - enable GaLore for weights in module: 
2025-03-14 17:56:24,229 - INFO - model.decoder.layers.21.self_attn.v_proj
2025-03-14 17:56:24,229 - INFO - enable GaLore for weights in module: 
2025-03-14 17:56:24,229 - INFO - model.decoder.layers.21.self_attn.q_proj
2025-03-14 17:56:24,229 - INFO - enable GaLore for weights in module: 
2025-03-14 17:56:24,229 - INFO - model.decoder.layers.22.self_attn.k_proj
2025-03-14 17:56:24,230 - INFO - enable GaLore for weights in module: 
2025-03-14 17:56:24,230 - INFO - model.decoder.layers.22.self_attn.v_proj
2025-03-14 17:56:24,230 - INFO - enable GaLore for weights in module: 
2025-03-14 17:56:24,230 - INFO - model.decoder.layers.22.self_attn.q_proj
2025-03-14 17:56:24,230 - INFO - enable GaLore for weights in module: 
2025-03-14 17:56:24,230 - INFO - model.decoder.layers.23.self_attn.k_proj
2025-03-14 17:56:24,230 - INFO - enable GaLore for weights in module: 
2025-03-14 17:56:24,230 - INFO - model.decoder.layers.23.self_attn.v_proj
2025-03-14 17:56:24,230 - INFO - enable GaLore for weights in module: 
2025-03-14 17:56:24,230 - INFO - model.decoder.layers.23.self_attn.q_proj
2025-03-14 17:56:24,233 - INFO - The Optimizer is HMTAdamW
2025-03-14 17:56:27,892 - INFO - ***** Running training *****
2025-03-14 17:56:27,892 - INFO -   Num examples = 8551
2025-03-14 17:56:27,892 - INFO -   Num Epochs = 10
2025-03-14 17:56:27,892 - INFO -   Instantaneous batch size per device = 16
2025-03-14 17:56:27,892 - INFO -   Total train batch size (w. parallel, distributed & accumulation) = 16
2025-03-14 17:56:27,892 - INFO -   Gradient Accumulation steps = 1
2025-03-14 17:56:27,892 - INFO -   Total optimization steps = 5350
2025-03-14 17:58:00,996 - INFO - epoch 0: {'matthews_correlation': 0.0}
2025-03-14 17:59:34,153 - INFO - epoch 1: {'matthews_correlation': 0.0}
2025-03-14 18:01:07,413 - INFO - epoch 2: {'matthews_correlation': 0.0}
2025-03-14 18:02:40,946 - INFO - epoch 3: {'matthews_correlation': np.float64(-0.020702674026557004)}
2025-03-14 18:04:14,199 - INFO - epoch 4: {'matthews_correlation': 0.0}
2025-03-14 18:05:46,886 - INFO - epoch 5: {'matthews_correlation': np.float64(0.06036235184714196)}
2025-03-14 18:07:19,536 - INFO - epoch 6: {'matthews_correlation': np.float64(0.14980477296991765)}
2025-03-14 18:08:52,796 - INFO - epoch 7: {'matthews_correlation': np.float64(0.13320706261015156)}
2025-03-14 18:10:25,773 - INFO - epoch 8: {'matthews_correlation': np.float64(0.12433386233932112)}
2025-03-14 18:11:58,816 - INFO - epoch 9: {'matthews_correlation': np.float64(0.13337945354014985)}
2025-03-14 18:12:04,815 - INFO - Execution time: 960.35 seconds
