2025-03-14 17:15:32,680 - INFO - Distributed environment: NO
Num processes: 1
Process index: 0
Local process index: 0
Device: cuda

Mixed precision type: no

2025-03-14 17:15:51,284 - INFO - Enabling LoRA for all modules
2025-03-14 17:15:51,559 - INFO - Sample 7220 of the training set: {'input_ids': [2, 243, 16, 5240, 3859, 14, 2708, 40, 4], 'attention_mask': [1, 1, 1, 1, 1, 1, 1, 1, 1], 'labels': 0}.
2025-03-14 17:15:51,560 - INFO - Sample 1914 of the training set: {'input_ids': [2, 387, 2013, 8211, 23598, 19, 255, 5270, 4], 'attention_mask': [1, 1, 1, 1, 1, 1, 1, 1, 1], 'labels': 1}.
2025-03-14 17:15:51,560 - INFO - Sample 122 of the training set: {'input_ids': [2, 133, 4851, 24, 10863, 6, 141, 203, 3845, 10, 3041, 109, 47, 192, 11, 5, 4908, 116], 'attention_mask': [1, 1, 1, 1, 1, 1, 1, 1, 1, 1, 1, 1, 1, 1, 1, 1, 1, 1], 'labels': 1}.
2025-03-14 17:15:51,563 - INFO - enable GaLore for weights in module: 
2025-03-14 17:15:51,563 - INFO - model.decoder.layers.0.self_attn.k_proj
2025-03-14 17:15:51,563 - INFO - enable GaLore for weights in module: 
2025-03-14 17:15:51,563 - INFO - model.decoder.layers.0.self_attn.v_proj
2025-03-14 17:15:51,563 - INFO - enable GaLore for weights in module: 
2025-03-14 17:15:51,563 - INFO - model.decoder.layers.0.self_attn.q_proj
2025-03-14 17:15:51,563 - INFO - enable GaLore for weights in module: 
2025-03-14 17:15:51,563 - INFO - model.decoder.layers.1.self_attn.k_proj
2025-03-14 17:15:51,563 - INFO - enable GaLore for weights in module: 
2025-03-14 17:15:51,563 - INFO - model.decoder.layers.1.self_attn.v_proj
2025-03-14 17:15:51,563 - INFO - enable GaLore for weights in module: 
2025-03-14 17:15:51,563 - INFO - model.decoder.layers.1.self_attn.q_proj
2025-03-14 17:15:51,563 - INFO - enable GaLore for weights in module: 
2025-03-14 17:15:51,563 - INFO - model.decoder.layers.2.self_attn.k_proj
2025-03-14 17:15:51,563 - INFO - enable GaLore for weights in module: 
2025-03-14 17:15:51,563 - INFO - model.decoder.layers.2.self_attn.v_proj
2025-03-14 17:15:51,563 - INFO - enable GaLore for weights in module: 
2025-03-14 17:15:51,563 - INFO - model.decoder.layers.2.self_attn.q_proj
2025-03-14 17:15:51,563 - INFO - enable GaLore for weights in module: 
2025-03-14 17:15:51,563 - INFO - model.decoder.layers.3.self_attn.k_proj
2025-03-14 17:15:51,563 - INFO - enable GaLore for weights in module: 
2025-03-14 17:15:51,564 - INFO - model.decoder.layers.3.self_attn.v_proj
2025-03-14 17:15:51,564 - INFO - enable GaLore for weights in module: 
2025-03-14 17:15:51,564 - INFO - model.decoder.layers.3.self_attn.q_proj
2025-03-14 17:15:51,564 - INFO - enable GaLore for weights in module: 
2025-03-14 17:15:51,564 - INFO - model.decoder.layers.4.self_attn.k_proj
2025-03-14 17:15:51,564 - INFO - enable GaLore for weights in module: 
2025-03-14 17:15:51,564 - INFO - model.decoder.layers.4.self_attn.v_proj
2025-03-14 17:15:51,564 - INFO - enable GaLore for weights in module: 
2025-03-14 17:15:51,564 - INFO - model.decoder.layers.4.self_attn.q_proj
2025-03-14 17:15:51,564 - INFO - enable GaLore for weights in module: 
2025-03-14 17:15:51,564 - INFO - model.decoder.layers.5.self_attn.k_proj
2025-03-14 17:15:51,564 - INFO - enable GaLore for weights in module: 
2025-03-14 17:15:51,564 - INFO - model.decoder.layers.5.self_attn.v_proj
2025-03-14 17:15:51,564 - INFO - enable GaLore for weights in module: 
2025-03-14 17:15:51,564 - INFO - model.decoder.layers.5.self_attn.q_proj
2025-03-14 17:15:51,564 - INFO - enable GaLore for weights in module: 
2025-03-14 17:15:51,564 - INFO - model.decoder.layers.6.self_attn.k_proj
2025-03-14 17:15:51,564 - INFO - enable GaLore for weights in module: 
2025-03-14 17:15:51,564 - INFO - model.decoder.layers.6.self_attn.v_proj
2025-03-14 17:15:51,564 - INFO - enable GaLore for weights in module: 
2025-03-14 17:15:51,564 - INFO - model.decoder.layers.6.self_attn.q_proj
2025-03-14 17:15:51,564 - INFO - enable GaLore for weights in module: 
2025-03-14 17:15:51,564 - INFO - model.decoder.layers.7.self_attn.k_proj
2025-03-14 17:15:51,564 - INFO - enable GaLore for weights in module: 
2025-03-14 17:15:51,564 - INFO - model.decoder.layers.7.self_attn.v_proj
2025-03-14 17:15:51,564 - INFO - enable GaLore for weights in module: 
2025-03-14 17:15:51,564 - INFO - model.decoder.layers.7.self_attn.q_proj
2025-03-14 17:15:51,564 - INFO - enable GaLore for weights in module: 
2025-03-14 17:15:51,564 - INFO - model.decoder.layers.8.self_attn.k_proj
2025-03-14 17:15:51,564 - INFO - enable GaLore for weights in module: 
2025-03-14 17:15:51,564 - INFO - model.decoder.layers.8.self_attn.v_proj
2025-03-14 17:15:51,564 - INFO - enable GaLore for weights in module: 
2025-03-14 17:15:51,564 - INFO - model.decoder.layers.8.self_attn.q_proj
2025-03-14 17:15:51,564 - INFO - enable GaLore for weights in module: 
2025-03-14 17:15:51,564 - INFO - model.decoder.layers.9.self_attn.k_proj
2025-03-14 17:15:51,564 - INFO - enable GaLore for weights in module: 
2025-03-14 17:15:51,564 - INFO - model.decoder.layers.9.self_attn.v_proj
2025-03-14 17:15:51,564 - INFO - enable GaLore for weights in module: 
2025-03-14 17:15:51,565 - INFO - model.decoder.layers.9.self_attn.q_proj
2025-03-14 17:15:51,565 - INFO - enable GaLore for weights in module: 
2025-03-14 17:15:51,565 - INFO - model.decoder.layers.10.self_attn.k_proj
2025-03-14 17:15:51,565 - INFO - enable GaLore for weights in module: 
2025-03-14 17:15:51,565 - INFO - model.decoder.layers.10.self_attn.v_proj
2025-03-14 17:15:51,565 - INFO - enable GaLore for weights in module: 
2025-03-14 17:15:51,565 - INFO - model.decoder.layers.10.self_attn.q_proj
2025-03-14 17:15:51,565 - INFO - enable GaLore for weights in module: 
2025-03-14 17:15:51,565 - INFO - model.decoder.layers.11.self_attn.k_proj
2025-03-14 17:15:51,565 - INFO - enable GaLore for weights in module: 
2025-03-14 17:15:51,565 - INFO - model.decoder.layers.11.self_attn.v_proj
2025-03-14 17:15:51,565 - INFO - enable GaLore for weights in module: 
2025-03-14 17:15:51,565 - INFO - model.decoder.layers.11.self_attn.q_proj
2025-03-14 17:15:51,565 - INFO - enable GaLore for weights in module: 
2025-03-14 17:15:51,565 - INFO - model.decoder.layers.12.self_attn.k_proj
2025-03-14 17:15:51,565 - INFO - enable GaLore for weights in module: 
2025-03-14 17:15:51,565 - INFO - model.decoder.layers.12.self_attn.v_proj
2025-03-14 17:15:51,565 - INFO - enable GaLore for weights in module: 
2025-03-14 17:15:51,565 - INFO - model.decoder.layers.12.self_attn.q_proj
2025-03-14 17:15:51,565 - INFO - enable GaLore for weights in module: 
2025-03-14 17:15:51,565 - INFO - model.decoder.layers.13.self_attn.k_proj
2025-03-14 17:15:51,565 - INFO - enable GaLore for weights in module: 
2025-03-14 17:15:51,565 - INFO - model.decoder.layers.13.self_attn.v_proj
2025-03-14 17:15:51,565 - INFO - enable GaLore for weights in module: 
2025-03-14 17:15:51,565 - INFO - model.decoder.layers.13.self_attn.q_proj
2025-03-14 17:15:51,565 - INFO - enable GaLore for weights in module: 
2025-03-14 17:15:51,565 - INFO - model.decoder.layers.14.self_attn.k_proj
2025-03-14 17:15:51,565 - INFO - enable GaLore for weights in module: 
2025-03-14 17:15:51,565 - INFO - model.decoder.layers.14.self_attn.v_proj
2025-03-14 17:15:51,565 - INFO - enable GaLore for weights in module: 
2025-03-14 17:15:51,565 - INFO - model.decoder.layers.14.self_attn.q_proj
2025-03-14 17:15:51,565 - INFO - enable GaLore for weights in module: 
2025-03-14 17:15:51,565 - INFO - model.decoder.layers.15.self_attn.k_proj
2025-03-14 17:15:51,565 - INFO - enable GaLore for weights in module: 
2025-03-14 17:15:51,565 - INFO - model.decoder.layers.15.self_attn.v_proj
2025-03-14 17:15:51,565 - INFO - enable GaLore for weights in module: 
2025-03-14 17:15:51,565 - INFO - model.decoder.layers.15.self_attn.q_proj
2025-03-14 17:15:51,565 - INFO - enable GaLore for weights in module: 
2025-03-14 17:15:51,565 - INFO - model.decoder.layers.16.self_attn.k_proj
2025-03-14 17:15:51,566 - INFO - enable GaLore for weights in module: 
2025-03-14 17:15:51,566 - INFO - model.decoder.layers.16.self_attn.v_proj
2025-03-14 17:15:51,566 - INFO - enable GaLore for weights in module: 
2025-03-14 17:15:51,566 - INFO - model.decoder.layers.16.self_attn.q_proj
2025-03-14 17:15:51,566 - INFO - enable GaLore for weights in module: 
2025-03-14 17:15:51,566 - INFO - model.decoder.layers.17.self_attn.k_proj
2025-03-14 17:15:51,566 - INFO - enable GaLore for weights in module: 
2025-03-14 17:15:51,566 - INFO - model.decoder.layers.17.self_attn.v_proj
2025-03-14 17:15:51,566 - INFO - enable GaLore for weights in module: 
2025-03-14 17:15:51,566 - INFO - model.decoder.layers.17.self_attn.q_proj
2025-03-14 17:15:51,566 - INFO - enable GaLore for weights in module: 
2025-03-14 17:15:51,566 - INFO - model.decoder.layers.18.self_attn.k_proj
2025-03-14 17:15:51,566 - INFO - enable GaLore for weights in module: 
2025-03-14 17:15:51,566 - INFO - model.decoder.layers.18.self_attn.v_proj
2025-03-14 17:15:51,566 - INFO - enable GaLore for weights in module: 
2025-03-14 17:15:51,566 - INFO - model.decoder.layers.18.self_attn.q_proj
2025-03-14 17:15:51,566 - INFO - enable GaLore for weights in module: 
2025-03-14 17:15:51,566 - INFO - model.decoder.layers.19.self_attn.k_proj
2025-03-14 17:15:51,566 - INFO - enable GaLore for weights in module: 
2025-03-14 17:15:51,566 - INFO - model.decoder.layers.19.self_attn.v_proj
2025-03-14 17:15:51,566 - INFO - enable GaLore for weights in module: 
2025-03-14 17:15:51,566 - INFO - model.decoder.layers.19.self_attn.q_proj
2025-03-14 17:15:51,566 - INFO - enable GaLore for weights in module: 
2025-03-14 17:15:51,566 - INFO - model.decoder.layers.20.self_attn.k_proj
2025-03-14 17:15:51,566 - INFO - enable GaLore for weights in module: 
2025-03-14 17:15:51,566 - INFO - model.decoder.layers.20.self_attn.v_proj
2025-03-14 17:15:51,566 - INFO - enable GaLore for weights in module: 
2025-03-14 17:15:51,566 - INFO - model.decoder.layers.20.self_attn.q_proj
2025-03-14 17:15:51,566 - INFO - enable GaLore for weights in module: 
2025-03-14 17:15:51,566 - INFO - model.decoder.layers.21.self_attn.k_proj
2025-03-14 17:15:51,566 - INFO - enable GaLore for weights in module: 
2025-03-14 17:15:51,566 - INFO - model.decoder.layers.21.self_attn.v_proj
2025-03-14 17:15:51,566 - INFO - enable GaLore for weights in module: 
2025-03-14 17:15:51,566 - INFO - model.decoder.layers.21.self_attn.q_proj
2025-03-14 17:15:51,566 - INFO - enable GaLore for weights in module: 
2025-03-14 17:15:51,566 - INFO - model.decoder.layers.22.self_attn.k_proj
2025-03-14 17:15:51,566 - INFO - enable GaLore for weights in module: 
2025-03-14 17:15:51,566 - INFO - model.decoder.layers.22.self_attn.v_proj
2025-03-14 17:15:51,567 - INFO - enable GaLore for weights in module: 
2025-03-14 17:15:51,567 - INFO - model.decoder.layers.22.self_attn.q_proj
2025-03-14 17:15:51,567 - INFO - enable GaLore for weights in module: 
2025-03-14 17:15:51,567 - INFO - model.decoder.layers.23.self_attn.k_proj
2025-03-14 17:15:51,567 - INFO - enable GaLore for weights in module: 
2025-03-14 17:15:51,567 - INFO - model.decoder.layers.23.self_attn.v_proj
2025-03-14 17:15:51,567 - INFO - enable GaLore for weights in module: 
2025-03-14 17:15:51,567 - INFO - model.decoder.layers.23.self_attn.q_proj
2025-03-14 17:15:55,270 - INFO - ***** Running training *****
2025-03-14 17:15:55,271 - INFO -   Num examples = 8551
2025-03-14 17:15:55,271 - INFO -   Num Epochs = 10
2025-03-14 17:15:55,271 - INFO -   Instantaneous batch size per device = 16
2025-03-14 17:15:55,271 - INFO -   Total train batch size (w. parallel, distributed & accumulation) = 16
2025-03-14 17:15:55,271 - INFO -   Gradient Accumulation steps = 1
2025-03-14 17:15:55,271 - INFO -   Total optimization steps = 5350
2025-03-14 17:18:34,166 - INFO - epoch 0: {'matthews_correlation': 0.0}
2025-03-14 17:20:36,459 - INFO - epoch 1: {'matthews_correlation': 0.0}
2025-03-14 17:22:38,265 - INFO - epoch 2: {'matthews_correlation': 0.0}
2025-03-14 17:24:40,843 - INFO - epoch 3: {'matthews_correlation': 0.0}
2025-03-14 17:26:45,540 - INFO - epoch 4: {'matthews_correlation': 0.0}
2025-03-14 17:28:46,940 - INFO - epoch 5: {'matthews_correlation': np.float64(0.04510120936906261)}
2025-03-14 17:30:50,005 - INFO - epoch 6: {'matthews_correlation': np.float64(0.14924551675722342)}
2025-03-14 17:32:51,419 - INFO - epoch 7: {'matthews_correlation': np.float64(0.14024670778332954)}
2025-03-14 17:34:53,883 - INFO - epoch 8: {'matthews_correlation': np.float64(0.122596176468411)}
2025-03-14 17:36:56,727 - INFO - epoch 9: {'matthews_correlation': np.float64(0.13776368556085852)}
