2025-03-14 19:12:02,960 - INFO - Distributed environment: NO
Num processes: 1
Process index: 0
Local process index: 0
Device: cuda

Mixed precision type: no

2025-03-14 19:12:23,780 - INFO - Enabling LoRA for all modules
2025-03-14 19:12:24,055 - INFO - Sample 7220 of the training set: {'input_ids': [2, 243, 16, 5240, 3859, 14, 2708, 40, 4], 'attention_mask': [1, 1, 1, 1, 1, 1, 1, 1, 1], 'labels': 0}.
2025-03-14 19:12:24,055 - INFO - Sample 1914 of the training set: {'input_ids': [2, 387, 2013, 8211, 23598, 19, 255, 5270, 4], 'attention_mask': [1, 1, 1, 1, 1, 1, 1, 1, 1], 'labels': 1}.
2025-03-14 19:12:24,055 - INFO - Sample 122 of the training set: {'input_ids': [2, 133, 4851, 24, 10863, 6, 141, 203, 3845, 10, 3041, 109, 47, 192, 11, 5, 4908, 116], 'attention_mask': [1, 1, 1, 1, 1, 1, 1, 1, 1, 1, 1, 1, 1, 1, 1, 1, 1, 1], 'labels': 1}.
2025-03-14 19:12:24,058 - INFO - enable GaLore for weights in module: 
2025-03-14 19:12:24,058 - INFO - model.decoder.layers.0.self_attn.k_proj
2025-03-14 19:12:24,058 - INFO - enable GaLore for weights in module: 
2025-03-14 19:12:24,058 - INFO - model.decoder.layers.0.self_attn.v_proj
2025-03-14 19:12:24,058 - INFO - enable GaLore for weights in module: 
2025-03-14 19:12:24,058 - INFO - model.decoder.layers.0.self_attn.q_proj
2025-03-14 19:12:24,058 - INFO - enable GaLore for weights in module: 
2025-03-14 19:12:24,058 - INFO - model.decoder.layers.1.self_attn.k_proj
2025-03-14 19:12:24,058 - INFO - enable GaLore for weights in module: 
2025-03-14 19:12:24,058 - INFO - model.decoder.layers.1.self_attn.v_proj
2025-03-14 19:12:24,058 - INFO - enable GaLore for weights in module: 
2025-03-14 19:12:24,058 - INFO - model.decoder.layers.1.self_attn.q_proj
2025-03-14 19:12:24,058 - INFO - enable GaLore for weights in module: 
2025-03-14 19:12:24,058 - INFO - model.decoder.layers.2.self_attn.k_proj
2025-03-14 19:12:24,058 - INFO - enable GaLore for weights in module: 
2025-03-14 19:12:24,058 - INFO - model.decoder.layers.2.self_attn.v_proj
2025-03-14 19:12:24,058 - INFO - enable GaLore for weights in module: 
2025-03-14 19:12:24,058 - INFO - model.decoder.layers.2.self_attn.q_proj
2025-03-14 19:12:24,058 - INFO - enable GaLore for weights in module: 
2025-03-14 19:12:24,058 - INFO - model.decoder.layers.3.self_attn.k_proj
2025-03-14 19:12:24,058 - INFO - enable GaLore for weights in module: 
2025-03-14 19:12:24,058 - INFO - model.decoder.layers.3.self_attn.v_proj
2025-03-14 19:12:24,058 - INFO - enable GaLore for weights in module: 
2025-03-14 19:12:24,059 - INFO - model.decoder.layers.3.self_attn.q_proj
2025-03-14 19:12:24,059 - INFO - enable GaLore for weights in module: 
2025-03-14 19:12:24,059 - INFO - model.decoder.layers.4.self_attn.k_proj
2025-03-14 19:12:24,059 - INFO - enable GaLore for weights in module: 
2025-03-14 19:12:24,059 - INFO - model.decoder.layers.4.self_attn.v_proj
2025-03-14 19:12:24,059 - INFO - enable GaLore for weights in module: 
2025-03-14 19:12:24,059 - INFO - model.decoder.layers.4.self_attn.q_proj
2025-03-14 19:12:24,059 - INFO - enable GaLore for weights in module: 
2025-03-14 19:12:24,059 - INFO - model.decoder.layers.5.self_attn.k_proj
2025-03-14 19:12:24,059 - INFO - enable GaLore for weights in module: 
2025-03-14 19:12:24,059 - INFO - model.decoder.layers.5.self_attn.v_proj
2025-03-14 19:12:24,059 - INFO - enable GaLore for weights in module: 
2025-03-14 19:12:24,059 - INFO - model.decoder.layers.5.self_attn.q_proj
2025-03-14 19:12:24,059 - INFO - enable GaLore for weights in module: 
2025-03-14 19:12:24,059 - INFO - model.decoder.layers.6.self_attn.k_proj
2025-03-14 19:12:24,059 - INFO - enable GaLore for weights in module: 
2025-03-14 19:12:24,059 - INFO - model.decoder.layers.6.self_attn.v_proj
2025-03-14 19:12:24,059 - INFO - enable GaLore for weights in module: 
2025-03-14 19:12:24,059 - INFO - model.decoder.layers.6.self_attn.q_proj
2025-03-14 19:12:24,059 - INFO - enable GaLore for weights in module: 
2025-03-14 19:12:24,059 - INFO - model.decoder.layers.7.self_attn.k_proj
2025-03-14 19:12:24,059 - INFO - enable GaLore for weights in module: 
2025-03-14 19:12:24,059 - INFO - model.decoder.layers.7.self_attn.v_proj
2025-03-14 19:12:24,059 - INFO - enable GaLore for weights in module: 
2025-03-14 19:12:24,059 - INFO - model.decoder.layers.7.self_attn.q_proj
2025-03-14 19:12:24,059 - INFO - enable GaLore for weights in module: 
2025-03-14 19:12:24,059 - INFO - model.decoder.layers.8.self_attn.k_proj
2025-03-14 19:12:24,059 - INFO - enable GaLore for weights in module: 
2025-03-14 19:12:24,059 - INFO - model.decoder.layers.8.self_attn.v_proj
2025-03-14 19:12:24,059 - INFO - enable GaLore for weights in module: 
2025-03-14 19:12:24,059 - INFO - model.decoder.layers.8.self_attn.q_proj
2025-03-14 19:12:24,059 - INFO - enable GaLore for weights in module: 
2025-03-14 19:12:24,059 - INFO - model.decoder.layers.9.self_attn.k_proj
2025-03-14 19:12:24,059 - INFO - enable GaLore for weights in module: 
2025-03-14 19:12:24,059 - INFO - model.decoder.layers.9.self_attn.v_proj
2025-03-14 19:12:24,059 - INFO - enable GaLore for weights in module: 
2025-03-14 19:12:24,059 - INFO - model.decoder.layers.9.self_attn.q_proj
2025-03-14 19:12:24,059 - INFO - enable GaLore for weights in module: 
2025-03-14 19:12:24,059 - INFO - model.decoder.layers.10.self_attn.k_proj
2025-03-14 19:12:24,060 - INFO - enable GaLore for weights in module: 
2025-03-14 19:12:24,060 - INFO - model.decoder.layers.10.self_attn.v_proj
2025-03-14 19:12:24,060 - INFO - enable GaLore for weights in module: 
2025-03-14 19:12:24,060 - INFO - model.decoder.layers.10.self_attn.q_proj
2025-03-14 19:12:24,060 - INFO - enable GaLore for weights in module: 
2025-03-14 19:12:24,060 - INFO - model.decoder.layers.11.self_attn.k_proj
2025-03-14 19:12:24,060 - INFO - enable GaLore for weights in module: 
2025-03-14 19:12:24,060 - INFO - model.decoder.layers.11.self_attn.v_proj
2025-03-14 19:12:24,060 - INFO - enable GaLore for weights in module: 
2025-03-14 19:12:24,060 - INFO - model.decoder.layers.11.self_attn.q_proj
2025-03-14 19:12:24,060 - INFO - enable GaLore for weights in module: 
2025-03-14 19:12:24,060 - INFO - model.decoder.layers.12.self_attn.k_proj
2025-03-14 19:12:24,060 - INFO - enable GaLore for weights in module: 
2025-03-14 19:12:24,060 - INFO - model.decoder.layers.12.self_attn.v_proj
2025-03-14 19:12:24,060 - INFO - enable GaLore for weights in module: 
2025-03-14 19:12:24,060 - INFO - model.decoder.layers.12.self_attn.q_proj
2025-03-14 19:12:24,060 - INFO - enable GaLore for weights in module: 
2025-03-14 19:12:24,060 - INFO - model.decoder.layers.13.self_attn.k_proj
2025-03-14 19:12:24,060 - INFO - enable GaLore for weights in module: 
2025-03-14 19:12:24,060 - INFO - model.decoder.layers.13.self_attn.v_proj
2025-03-14 19:12:24,060 - INFO - enable GaLore for weights in module: 
2025-03-14 19:12:24,060 - INFO - model.decoder.layers.13.self_attn.q_proj
2025-03-14 19:12:24,060 - INFO - enable GaLore for weights in module: 
2025-03-14 19:12:24,060 - INFO - model.decoder.layers.14.self_attn.k_proj
2025-03-14 19:12:24,060 - INFO - enable GaLore for weights in module: 
2025-03-14 19:12:24,060 - INFO - model.decoder.layers.14.self_attn.v_proj
2025-03-14 19:12:24,060 - INFO - enable GaLore for weights in module: 
2025-03-14 19:12:24,060 - INFO - model.decoder.layers.14.self_attn.q_proj
2025-03-14 19:12:24,060 - INFO - enable GaLore for weights in module: 
2025-03-14 19:12:24,060 - INFO - model.decoder.layers.15.self_attn.k_proj
2025-03-14 19:12:24,060 - INFO - enable GaLore for weights in module: 
2025-03-14 19:12:24,060 - INFO - model.decoder.layers.15.self_attn.v_proj
2025-03-14 19:12:24,060 - INFO - enable GaLore for weights in module: 
2025-03-14 19:12:24,060 - INFO - model.decoder.layers.15.self_attn.q_proj
2025-03-14 19:12:24,060 - INFO - enable GaLore for weights in module: 
2025-03-14 19:12:24,060 - INFO - model.decoder.layers.16.self_attn.k_proj
2025-03-14 19:12:24,060 - INFO - enable GaLore for weights in module: 
2025-03-14 19:12:24,060 - INFO - model.decoder.layers.16.self_attn.v_proj
2025-03-14 19:12:24,060 - INFO - enable GaLore for weights in module: 
2025-03-14 19:12:24,061 - INFO - model.decoder.layers.16.self_attn.q_proj
2025-03-14 19:12:24,061 - INFO - enable GaLore for weights in module: 
2025-03-14 19:12:24,061 - INFO - model.decoder.layers.17.self_attn.k_proj
2025-03-14 19:12:24,061 - INFO - enable GaLore for weights in module: 
2025-03-14 19:12:24,061 - INFO - model.decoder.layers.17.self_attn.v_proj
2025-03-14 19:12:24,061 - INFO - enable GaLore for weights in module: 
2025-03-14 19:12:24,061 - INFO - model.decoder.layers.17.self_attn.q_proj
2025-03-14 19:12:24,061 - INFO - enable GaLore for weights in module: 
2025-03-14 19:12:24,061 - INFO - model.decoder.layers.18.self_attn.k_proj
2025-03-14 19:12:24,061 - INFO - enable GaLore for weights in module: 
2025-03-14 19:12:24,061 - INFO - model.decoder.layers.18.self_attn.v_proj
2025-03-14 19:12:24,061 - INFO - enable GaLore for weights in module: 
2025-03-14 19:12:24,061 - INFO - model.decoder.layers.18.self_attn.q_proj
2025-03-14 19:12:24,061 - INFO - enable GaLore for weights in module: 
2025-03-14 19:12:24,061 - INFO - model.decoder.layers.19.self_attn.k_proj
2025-03-14 19:12:24,061 - INFO - enable GaLore for weights in module: 
2025-03-14 19:12:24,061 - INFO - model.decoder.layers.19.self_attn.v_proj
2025-03-14 19:12:24,061 - INFO - enable GaLore for weights in module: 
2025-03-14 19:12:24,061 - INFO - model.decoder.layers.19.self_attn.q_proj
2025-03-14 19:12:24,061 - INFO - enable GaLore for weights in module: 
2025-03-14 19:12:24,061 - INFO - model.decoder.layers.20.self_attn.k_proj
2025-03-14 19:12:24,061 - INFO - enable GaLore for weights in module: 
2025-03-14 19:12:24,061 - INFO - model.decoder.layers.20.self_attn.v_proj
2025-03-14 19:12:24,061 - INFO - enable GaLore for weights in module: 
2025-03-14 19:12:24,061 - INFO - model.decoder.layers.20.self_attn.q_proj
2025-03-14 19:12:24,061 - INFO - enable GaLore for weights in module: 
2025-03-14 19:12:24,061 - INFO - model.decoder.layers.21.self_attn.k_proj
2025-03-14 19:12:24,061 - INFO - enable GaLore for weights in module: 
2025-03-14 19:12:24,061 - INFO - model.decoder.layers.21.self_attn.v_proj
2025-03-14 19:12:24,061 - INFO - enable GaLore for weights in module: 
2025-03-14 19:12:24,061 - INFO - model.decoder.layers.21.self_attn.q_proj
2025-03-14 19:12:24,061 - INFO - enable GaLore for weights in module: 
2025-03-14 19:12:24,061 - INFO - model.decoder.layers.22.self_attn.k_proj
2025-03-14 19:12:24,061 - INFO - enable GaLore for weights in module: 
2025-03-14 19:12:24,061 - INFO - model.decoder.layers.22.self_attn.v_proj
2025-03-14 19:12:24,061 - INFO - enable GaLore for weights in module: 
2025-03-14 19:12:24,061 - INFO - model.decoder.layers.22.self_attn.q_proj
2025-03-14 19:12:24,061 - INFO - enable GaLore for weights in module: 
2025-03-14 19:12:24,061 - INFO - model.decoder.layers.23.self_attn.k_proj
2025-03-14 19:12:24,062 - INFO - enable GaLore for weights in module: 
2025-03-14 19:12:24,062 - INFO - model.decoder.layers.23.self_attn.v_proj
2025-03-14 19:12:24,062 - INFO - enable GaLore for weights in module: 
2025-03-14 19:12:24,062 - INFO - model.decoder.layers.23.self_attn.q_proj
2025-03-14 19:12:24,064 - INFO - The Optimizer is GaLoreAdamW
2025-03-14 19:12:29,014 - INFO - ***** Running training *****
2025-03-14 19:12:29,015 - INFO -   Num examples = 8551
2025-03-14 19:12:29,015 - INFO -   Num Epochs = 10
2025-03-14 19:12:29,015 - INFO -   Instantaneous batch size per device = 16
2025-03-14 19:12:29,015 - INFO -   Total train batch size (w. parallel, distributed & accumulation) = 16
2025-03-14 19:12:29,015 - INFO -   Gradient Accumulation steps = 1
2025-03-14 19:12:29,015 - INFO -   Total optimization steps = 5350
2025-03-14 19:15:11,768 - INFO - epoch 0: {'matthews_correlation': np.float64(0.22275989469950308)}
2025-03-14 19:17:19,851 - INFO - epoch 1: {'matthews_correlation': np.float64(0.27657164760495423)}
2025-03-14 19:19:27,503 - INFO - epoch 2: {'matthews_correlation': np.float64(0.3500504109815301)}
2025-03-14 19:21:32,135 - INFO - epoch 3: {'matthews_correlation': np.float64(0.4167735928431379)}
2025-03-14 19:23:37,199 - INFO - epoch 4: {'matthews_correlation': np.float64(0.4182979471843555)}
2025-03-14 19:25:38,524 - INFO - epoch 5: {'matthews_correlation': np.float64(0.46084815662204015)}
2025-03-14 19:27:39,689 - INFO - epoch 6: {'matthews_correlation': np.float64(0.4615679361453522)}
2025-03-14 19:29:42,547 - INFO - epoch 7: {'matthews_correlation': np.float64(0.4620031465161152)}
2025-03-14 19:31:40,100 - INFO - epoch 8: {'matthews_correlation': np.float64(0.4806486312161432)}
2025-03-14 19:33:45,376 - INFO - epoch 9: {'matthews_correlation': np.float64(0.4605064249054941)}
2025-03-14 19:33:50,722 - INFO - Execution time: 1308.70 seconds
